<?xml version="1.0" encoding="UTF-8"?>
<!-- Generated by org.testng.reporters.JUnitReportReporter -->
<testsuite hostname="Karna" failures="0" tests="1" name="org.login.LoginTest" time="5.240" errors="0" timestamp="5 Jan 2024 12:36:11 GMT">
  <testcase classname="org.login.LoginTest" name="f" time="5.240"/>
</testsuite> <!-- org.login.LoginTest -->
