<?xml version="1.0" encoding="UTF-8"?>
<!-- Generated by org.testng.reporters.JUnitReportReporter -->
<testsuite hostname="Karna" failures="0" tests="1" name="org.login.LoginTest" time="6.272" errors="0" timestamp="2024-01-06T22:22:37 IST" skipped="0">
  <testcase classname="org.login.LoginTest" name="f" time="6.272"/>
</testsuite> <!-- org.login.LoginTest -->
